<?xml version="1.0" encoding="UTF-8"?>
<!-- Generated by org.testng.reporters.JUnitXMLReporter -->
<testsuite ignored="0" hostname="Sapnish" failures="0" tests="4" name="mytest" time="18.168" errors="0" timestamp="2026-02-26T16:50:44 IST">
  <testcase classname="day42.OrangeHRMTest" name="openapp" time="10.677"/>
  <testcase classname="day42.OrangeHRMTest" name="testLogo" time="7.06"/>
  <testcase classname="day42.OrangeHRMTest" name="testLogin" time="0.194"/>
  <testcase classname="day42.OrangeHRMTest" name="closeApp" time="0.171"/>
</testsuite> <!-- mytest -->
