<?xml version="1.0" encoding="UTF-8"?>
<!-- Generated by org.testng.reporters.JUnitXMLReporter -->
<testsuite ignored="0" hostname="Sapnish" failures="0" tests="8" name="Grouping" time="0.09" errors="0" timestamp="2026-02-27T17:55:19 IST">
  <testcase classname="day44.LoginTests" name="loginByEmail" time="0.009"/>
  <testcase classname="day44.LoginTests" name="loginByFacebook" time="0.002"/>
  <testcase classname="day44.LoginTests" name="loginByTwitter" time="0.002"/>
  <testcase classname="day44.SignUpTest" name="signUpByEmail" time="0.002"/>
  <testcase classname="day44.SignUpTest" name="signUpByFacebook" time="0.001"/>
  <testcase classname="day44.SignUpTest" name="signUpByTwitter" time="0.001"/>
  <testcase classname="day44.Payment" name="paymentinRupees" time="0.001"/>
  <testcase classname="day44.Payment" name="paymentinDollars" time="0.002"/>
</testsuite> <!-- Grouping -->
