<?xml version="1.0" encoding="UTF-8"?>
<!-- Generated by org.testng.reporters.JUnitXMLReporter -->
<testsuite ignored="0" hostname="Sapnish" failures="1" tests="3" name="Test" time="24.804" errors="0" timestamp="2026-05-16T13:08:40 IST">
  <testcase classname="day46.OrangeHRM" name="testLogo" time="0.09"/>
  <testcase classname="day46.OrangeHRM" name="testAppURL" time="0.023">
    <failure type="java.lang.AssertionError" message="expected [https://opensource-demo.orangehrmlive.com/] but found [https://opensource-demo.orangehrmlive.com/web/index.php/auth/login]">
      <![CDATA[java.lang.AssertionError: expected [https://opensource-demo.orangehrmlive.com/] but found [https://opensource-demo.orangehrmlive.com/web/index.php/auth/login]
at day46.OrangeHRM.testAppURL(OrangeHRM.java:42)
at java.base/java.util.ArrayList.forEach(ArrayList.java:1596)
... Removed 31 stack frames]]>
    </failure>
  </testcase> <!-- testAppURL -->
  <testcase classname="day46.OrangeHRM" name="testHomePageTitle" time="0.0">
    <skipped/>
  </testcase> <!-- testHomePageTitle -->
</testsuite> <!-- Test -->
