<?xml version="1.0" encoding="UTF-8"?>
<!-- Generated by org.testng.reporters.JUnitReportReporter -->
<testsuite hostname="Sapnish" failures="0" tests="3" name="day43.AllAnnotation" time="0.014" errors="0" timestamp="2026-05-15T15:52:25 IST" skipped="0">
  <testcase classname="day43.AllAnnotation" name="abc" time="0.009"/>
  <testcase classname="day43.AllAnnotation" name="pqr" time="0.003"/>
  <testcase classname="day43.AllAnnotation" name="xyz" time="0.002"/>
</testsuite> <!-- day43.AllAnnotation -->
