<?xml version="1.0" encoding="UTF-8"?>
<!-- Generated by org.testng.reporters.JUnitReportReporter -->
<testsuite hostname="Sapnish" failures="0" tests="6" name="day45.ParamTest" time="0.101" errors="0" timestamp="2026-02-28T15:02:56 IST" skipped="0">
  <testcase classname="day45.ParamTest" name="testURL" time="0.010"/>
  <testcase classname="day45.ParamTest" name="testTitle" time="0.008"/>
  <testcase classname="day45.ParamTest" name="testTitle" time="0.008"/>
  <testcase classname="day45.ParamTest" name="testLogo" time="0.042"/>
  <testcase classname="day45.ParamTest" name="testURL" time="0.007"/>
  <testcase classname="day45.ParamTest" name="testLogo" time="0.026"/>
</testsuite> <!-- day45.ParamTest -->
