<?xml version="1.0" encoding="UTF-8"?>
<!-- Generated by org.testng.reporters.JUnitReportReporter -->
<testsuite hostname="Sapnish" failures="0" tests="6" name="day45.ParamTest" time="0.442" errors="0" timestamp="2026-05-16T10:33:54 IST" skipped="0">
  <testcase classname="day45.ParamTest" name="testLogo" time="0.346"/>
  <testcase classname="day45.ParamTest" name="testTitle" time="0.012"/>
  <testcase classname="day45.ParamTest" name="testURL" time="0.011"/>
  <testcase classname="day45.ParamTest" name="testLogo" time="0.053"/>
  <testcase classname="day45.ParamTest" name="testTitle" time="0.009"/>
  <testcase classname="day45.ParamTest" name="testURL" time="0.011"/>
</testsuite> <!-- day45.ParamTest -->
