<?xml version="1.0" encoding="UTF-8"?>
<!-- Generated by org.testng.reporters.JUnitReportReporter -->
<testsuite hostname="Sapnish" failures="0" tests="3" name="day44.LoginTests" time="0.012" errors="0" timestamp="2026-02-27T18:11:15 IST" skipped="0">
  <testcase classname="day44.LoginTests" name="loginByEmail" time="0.009"/>
  <testcase classname="day44.LoginTests" name="loginByFacebook" time="0.001"/>
  <testcase classname="day44.LoginTests" name="loginByTwitter" time="0.002"/>
</testsuite> <!-- day44.LoginTests -->
